<?xml version="1.0" encoding="UTF-8"?>
<testng-results skipped="0" failed="0" ignored="0" total="2" passed="2">
  <reporter-output>
  </reporter-output>
  <suite name="Default suite" duration-ms="79" started-at="2023-04-13T12:14:46 IST" finished-at="2023-04-13T12:14:46 IST">
    <groups>
    </groups>
    <test name="Default test" duration-ms="79" started-at="2023-04-13T12:14:46 IST" finished-at="2023-04-13T12:14:46 IST">
      <class name="Sample.Demo">
        <test-method status="PASS" signature="demo()[pri:0, instance:Sample.Demo@72b6cbcc]" name="demo" duration-ms="12" started-at="2023-04-13T12:14:46 IST" finished-at="2023-04-13T12:14:46 IST">
          <reporter-output>
          </reporter-output>
        </test-method> <!-- demo -->
        <test-method status="PASS" signature="demo1()[pri:0, instance:Sample.Demo@72b6cbcc]" name="demo1" duration-ms="1" started-at="2023-04-13T12:14:46 IST" finished-at="2023-04-13T12:14:46 IST">
          <reporter-output>
          </reporter-output>
        </test-method> <!-- demo1 -->
      </class> <!-- Sample.Demo -->
    </test> <!-- Default test -->
  </suite> <!-- Default suite -->
</testng-results>
